Build started 2015-05-08 13:21:10.
     1>Project "C:\Users\TP\Desktop\doktorancki2\action\DynamicActionRecognition\DepthMapBinIOSample\DepthMapBinIOSample.vcxproj" on node 2 (Build target(s)).
     1>ClCompile:
         C:\Program Files (x86)\Microsoft Visual Studio 11.0\VC\bin\x86_amd64\CL.exe /c /Zi /nologo /W3 /WX- /Od /D WIN32 /D _DEBUG /D _CONSOLE /D _UNICODE /D UNICODE /Gm- /EHsc /RTC1 /MDd /GS /fp:precise /Zc:wchar_t /Zc:forScope /Yu"stdafx.h" /Fp"x64\Debug\DepthMapBinIOSample.pch" /Fo"x64\Debug\\" /Fd"x64\Debug\vc110.pdb" /Gd /TP /errorReport:prompt ActionVariance.cpp Features.cpp
         ActionVariance.cpp
     1>ActionVariance.cpp(55): warning C4244: 'initializing' : conversion from 'double' to 'int', possible loss of data
     1>ActionVariance.cpp(57): warning C4244: 'initializing' : conversion from 'double' to 'int', possible loss of data
     1>ActionVariance.cpp(61): warning C4244: 'argument' : conversion from 'double' to 'float', possible loss of data
     1>ActionVariance.cpp(78): warning C4244: 'initializing' : conversion from 'double' to 'int', possible loss of data
     1>ActionVariance.cpp(79): warning C4244: 'initializing' : conversion from 'double' to 'int', possible loss of data
     1>ActionVariance.cpp(83): warning C4244: 'argument' : conversion from 'double' to 'float', possible loss of data
     1>ActionVariance.cpp(98): warning C4267: '=' : conversion from 'size_t' to 'int', possible loss of data
     1>ActionVariance.cpp(158): warning C4244: 'initializing' : conversion from 'int' to 'float', possible loss of data
     1>ActionVariance.cpp(163): warning C4244: '+=' : conversion from 'double' to 'float', possible loss of data
     1>ActionVariance.cpp(180): warning C4244: '+=' : conversion from 'double' to 'float', possible loss of data
     1>ActionVariance.cpp(183): warning C4244: '/=' : conversion from 'double' to 'float', possible loss of data
         Features.cpp
         Generating Code...
       Link:
         C:\Program Files (x86)\Microsoft Visual Studio 11.0\VC\bin\x86_amd64\link.exe /ERRORREPORT:PROMPT /OUT:"C:\Users\TP\Desktop\doktorancki2\action\DynamicActionRecognition\x64\Debug\DepthMapBinIOSample.exe" /INCREMENTAL /NOLOGO /LIBPATH:C:\opencv2410\build\x64\vc10\bin /LIBPATH:C:\opencv2410\build\x64\vc10\lib opencv_core2410d.lib opencv_imgproc2410d.lib opencv_highgui2410d.lib opencv_ml2410d.lib opencv_video2410.lib opencv_features2d2410d.lib opencv_calib3d2410d.lib kernel32.lib user32.lib gdi32.lib winspool.lib comdlg32.lib advapi32.lib shell32.lib ole32.lib oleaut32.lib uuid.lib odbc32.lib odbccp32.lib /MANIFEST /MANIFESTUAC:"level='asInvoker' uiAccess='false'" /manifest:embed /DEBUG /PDB:"C:\Users\TP\Desktop\doktorancki2\action\DynamicActionRecognition\x64\Debug\DepthMapBinIOSample.pdb" /SUBSYSTEM:CONSOLE /TLBID:1 /DYNAMICBASE /NXCOMPAT /IMPLIB:"C:\Users\TP\Desktop\doktorancki2\action\DynamicActionRecognition\x64\Debug\DepthMapBinIOSample.lib" /MACHINE:X64 x64\Debug\ActionVariance.obj
         x64\Debug\Dataset.obj
         x64\Debug\DepthMap.obj
         x64\Debug\DepthMapBinFileIO.obj
         x64\Debug\DepthMapBinIOSample.obj
         x64\Debug\Difference.obj
         x64\Debug\Features.obj
         x64\Debug\io.obj
         x64\Debug\pca.obj
         x64\Debug\PointCloud.obj
         x64\Debug\ShapeContex.obj
         x64\Debug\stdafx.obj
         x64\Debug\utils.obj
         DepthMapBinIOSample.vcxproj -> C:\Users\TP\Desktop\doktorancki2\action\DynamicActionRecognition\x64\Debug\DepthMapBinIOSample.exe
     1>Done Building Project "C:\Users\TP\Desktop\doktorancki2\action\DynamicActionRecognition\DepthMapBinIOSample\DepthMapBinIOSample.vcxproj" (Build target(s)).

Build succeeded.

Time Elapsed 00:00:03.52
